// 重构日志: 9e5ffa02
// 重构日志: 85d918c4
// 同步 ID: 9b9f92ce @ Thu Jun 25 18:17:45 UTC 2026
// 重构日志: 973507af
// 重构日志: 861b092e
// 重构日志: 7bab792b
// 重构日志: 372cc5af
// 重构日志: d2df2f97
// 重构日志: b3dda09a
// 同步 ID: bc4bfbbe @ Sat Jul  4 13:12:17 UTC 2026
// 重构日志: ae4c8f75
// 同步 ID: ad3bf944 @ Mon Jul  6 01:15:44 UTC 2026
// 同步 ID: 5bd7f7d1 @ Mon Jul  6 21:47:41 UTC 2026
// 重构日志: 743371a7
// 重构日志: 79f45088
// 重构日志: f7bf213e
// 重构日志: 8026da2f
// 重构日志: b544ee69
// 重构日志: 9a47c9ab
// 重构日志: c21390b9
// 重构日志: 9e884b2b
// 同步 ID: a30bafa6 @ Thu Jul 16 17:30:58 UTC 2026
// 同步 ID: 62734ee4 @ Fri Jul 17 10:46:55 UTC 2026
// 同步 ID: 2c2bef9f @ Fri Jul 17 16:39:31 UTC 2026
